The push refers to a repository [registry.cn-hangzhou.aliyuncs.com/qijunbo/jdk]
795a22e66d97: Preparing
5cb9d2b1f618: Preparing
5e8d95608448: Preparing
cd717dbfedee: Preparing
dbbd98341870: Preparing
bcc97fbfc9e1: Preparing
bcc97fbfc9e1: Waiting
5cb9d2b1f618: Layer already exists
795a22e66d97: Layer already exists
5e8d95608448: Layer already exists
bcc97fbfc9e1: Layer already exists
dbbd98341870: Pushed
cd717dbfedee: Pushed
8: digest: sha256:4d21c25caf351ffa5fdac9c46fc13be358db2a0efd4293e3c703b13f727b07ea size: 1575
The push refers to a repository [registry.cn-qingdao.aliyuncs.com/qijunbo/jdk]
An image does not exist locally with the tag: registry.cn-qingdao.aliyuncs.com/qijunbo/jdk
The push refers to a repository [registry.cn-qingdao.aliyuncs.com/qijunbo/jdk]
795a22e66d97: Preparing
5cb9d2b1f618: Preparing
5e8d95608448: Preparing
cd717dbfedee: Preparing
dbbd98341870: Preparing
bcc97fbfc9e1: Preparing
bcc97fbfc9e1: Waiting
795a22e66d97: Pushed
5cb9d2b1f618: Pushed
5e8d95608448: Pushed
The push refers to a repository [registry.cn-qingdao.aliyuncs.com/qijunbo/jdk]
795a22e66d97: Preparing
5cb9d2b1f618: Preparing
5e8d95608448: Preparing
cd717dbfedee: Preparing
dbbd98341870: Preparing
bcc97fbfc9e1: Preparing
5e8d95608448: Waiting
5cb9d2b1f618: Layer already exists
795a22e66d97: Layer already exists
5e8d95608448: Layer already exists
The push refers to a repository [registry.cn-qingdao.aliyuncs.com/qijunbo/jdk]
795a22e66d97: Preparing
5cb9d2b1f618: Preparing
5e8d95608448: Preparing
cd717dbfedee: Preparing
dbbd98341870: Preparing
bcc97fbfc9e1: Preparing
5e8d95608448: Waiting
795a22e66d97: Layer already exists
5cb9d2b1f618: Layer already exists
5e8d95608448: Layer already exists
